[40m[32minfo[39m[22m[49m: Microsoft.Hosting.Lifetime[0]
      Now listening on: http://localhost:5000
[40m[32minfo[39m[22m[49m: Microsoft.Hosting.Lifetime[0]
      Application started. Press Ctrl+C to shut down.
[40m[32minfo[39m[22m[49m: Microsoft.Hosting.Lifetime[0]
      Hosting environment: Development
[40m[32minfo[39m[22m[49m: Microsoft.Hosting.Lifetime[0]
      Content root path: /home/pi/myApp/MyApp/MyApp
[40m[32minfo[39m[22m[49m: MyApp.Data.Repositorys.TeacherRepository[0]
      λ°μ΄ν„° μ΅°ν(All)
[40m[32minfo[39m[22m[49m: MyApp.Data.Repositorys.Login.UserRepository[0]
      μ μ € μ΅°ν(id)
[40m[32minfo[39m[22m[49m: MyApp.Data.Repositorys.Login.UserRepository[0]
      μ μ € λ“±λ΅
[40m[32minfo[39m[22m[49m: MyApp.Data.Repositorys.Login.UserRepository[0]
      μ μ € ν™•μΈ
[40m[32minfo[39m[22m[49m: MyApp.Data.Repositorys.TeacherRepository[0]
      λ°μ΄ν„° μ΅°ν(All)
[40m[32minfo[39m[22m[49m: MyApp.Data.Repositorys.Login.UserRepository[0]
      μ μ € ν™•μΈ
[40m[32minfo[39m[22m[49m: MyApp.Data.Repositorys.TeacherRepository[0]
      λ°μ΄ν„° μ΅°ν(All)
[40m[32minfo[39m[22m[49m: MyApp.Controllers.DotNetNoteController[0]
      κ²μ‹ν λ¦¬μ¤νΈ νμ΄μ§€ λ΅λ”©
[40m[32minfo[39m[22m[49m: MyApp.Data.Repositorys.DotNetNote.NoteRepository[0]
      μ „μ²΄ κ²μ‹κΈ€ μ΅°ν
[40m[32minfo[39m[22m[49m: MyApp.Data.Repositorys.DotNetNote.NoteRepository[0]
      λ…ΈνΈ λ°μ΄ν„° μ΅°ν
[40m[32minfo[39m[22m[49m: MyApp.Controllers.DotNetNoteController[0]
      κ²μ‹ν λ¦¬μ¤νΈ νμ΄μ§€ λ΅λ”©
[40m[32minfo[39m[22m[49m: MyApp.Data.Repositorys.DotNetNote.NoteRepository[0]
      μ „μ²΄ κ²μ‹κΈ€ μ΅°ν
[40m[32minfo[39m[22m[49m: MyApp.Data.Repositorys.DotNetNote.NoteRepository[0]
      λ…ΈνΈ λ°μ΄ν„° μ΅°ν
[40m[32minfo[39m[22m[49m: MyApp.Controllers.DotNetNoteController[0]
      κ²μ‹ν λ¦¬μ¤νΈ νμ΄μ§€ λ΅λ”©
[40m[32minfo[39m[22m[49m: MyApp.Data.Repositorys.DotNetNote.NoteRepository[0]
      μ „μ²΄ κ²μ‹κΈ€ μ΅°ν
[40m[32minfo[39m[22m[49m: MyApp.Data.Repositorys.DotNetNote.NoteRepository[0]
      λ…ΈνΈ λ°μ΄ν„° μ΅°ν
[40m[32minfo[39m[22m[49m: MyApp.Controllers.DotNetNoteController[0]
      κ²μ‹ν λ¦¬μ¤νΈ νμ΄μ§€ λ΅λ”©
[40m[32minfo[39m[22m[49m: MyApp.Data.Repositorys.DotNetNote.NoteRepository[0]
      μ „μ²΄ κ²μ‹κΈ€ μ΅°ν
[40m[32minfo[39m[22m[49m: MyApp.Data.Repositorys.DotNetNote.NoteRepository[0]
      λ…ΈνΈ λ°μ΄ν„° μ΅°ν
[40m[32minfo[39m[22m[49m: MyApp.Data.Repositorys.TeacherRepository[0]
      λ°μ΄ν„° μ΅°ν(All)
[40m[32minfo[39m[22m[49m: MyApp.Data.Repositorys.TeacherRepository[0]
      λ°μ΄ν„° μ΅°ν(All)
[40m[32minfo[39m[22m[49m: MyApp.Data.Repositorys.TeacherRepository[0]
      λ°μ΄ν„° μ΅°ν(All)
[40m[32minfo[39m[22m[49m: MyApp.Data.Repositorys.TeacherRepository[0]
      λ°μ΄ν„° μ΅°ν(All)
[40m[32minfo[39m[22m[49m: MyApp.Data.Repositorys.TeacherRepository[0]
      λ°μ΄ν„° μ΅°ν(All)
[40m[32minfo[39m[22m[49m: MyApp.Data.Repositorys.TeacherRepository[0]
      λ°μ΄ν„° μ΅°ν(All)
[40m[32minfo[39m[22m[49m: MyApp.Data.Repositorys.TeacherRepository[0]
      λ°μ΄ν„° μ΅°ν(All)
[40m[32minfo[39m[22m[49m: MyApp.Data.Repositorys.TeacherRepository[0]
      λ°μ΄ν„° μ΅°ν(All)
[40m[32minfo[39m[22m[49m: MyApp.Data.Repositorys.TeacherRepository[0]
      λ°μ΄ν„° μ΅°ν(All)
[40m[32minfo[39m[22m[49m: MyApp.Data.Repositorys.TeacherRepository[0]
      λ°μ΄ν„° μ΅°ν(All)
[40m[32minfo[39m[22m[49m: MyApp.Data.Repositorys.TeacherRepository[0]
      λ°μ΄ν„° μ΅°ν(All)
[40m[32minfo[39m[22m[49m: MyApp.Data.Repositorys.TeacherRepository[0]
      λ°μ΄ν„° μ΅°ν(All)
[40m[32minfo[39m[22m[49m: MyApp.Data.Repositorys.TeacherRepository[0]
      λ°μ΄ν„° μ΅°ν(All)
[40m[32minfo[39m[22m[49m: MyApp.Data.Repositorys.TeacherRepository[0]
      λ°μ΄ν„° μ΅°ν(All)
[40m[32minfo[39m[22m[49m: MyApp.Data.Repositorys.TeacherRepository[0]
      λ°μ΄ν„° μ΅°ν(All)
[40m[32minfo[39m[22m[49m: MyApp.Controllers.DotNetNoteController[0]
      κ²μ‹ν λ¦¬μ¤νΈ νμ΄μ§€ λ΅λ”©
[40m[32minfo[39m[22m[49m: MyApp.Data.Repositorys.DotNetNote.NoteRepository[0]
      μ „μ²΄ κ²μ‹κΈ€ μ΅°ν
[40m[32minfo[39m[22m[49m: MyApp.Data.Repositorys.DotNetNote.NoteRepository[0]
      λ…ΈνΈ λ°μ΄ν„° μ΅°ν
[40m[32minfo[39m[22m[49m: MyApp.Data.Repositorys.TeacherRepository[0]
      λ°μ΄ν„° μ΅°ν(All)
[40m[32minfo[39m[22m[49m: MyApp.Data.Repositorys.TeacherRepository[0]
      λ°μ΄ν„° μ΅°ν(All)
[40m[32minfo[39m[22m[49m: MyApp.Data.Repositorys.TeacherRepository[0]
      λ°μ΄ν„° μ΅°ν(All)
[40m[32minfo[39m[22m[49m: MyApp.Data.Repositorys.TeacherRepository[0]
      λ°μ΄ν„° μ΅°ν(All)
[40m[32minfo[39m[22m[49m: MyApp.Data.Repositorys.TeacherRepository[0]
      λ°μ΄ν„° μ΅°ν(All)
[40m[32minfo[39m[22m[49m: MyApp.Data.Repositorys.TeacherRepository[0]
      λ°μ΄ν„° μ΅°ν(All)
[40m[32minfo[39m[22m[49m: MyApp.Data.Repositorys.TeacherRepository[0]
      λ°μ΄ν„° μ΅°ν(All)
[40m[32minfo[39m[22m[49m: MyApp.Data.Repositorys.TeacherRepository[0]
      λ°μ΄ν„° μ΅°ν(All)
[40m[32minfo[39m[22m[49m: MyApp.Data.Repositorys.TeacherRepository[0]
      λ°μ΄ν„° μ΅°ν(All)
[40m[32minfo[39m[22m[49m: MyApp.Data.Repositorys.TeacherRepository[0]
      λ°μ΄ν„° μ΅°ν(All)
[40m[32minfo[39m[22m[49m: MyApp.Data.Repositorys.TeacherRepository[0]
      λ°μ΄ν„° μ΅°ν(All)
[40m[32minfo[39m[22m[49m: MyApp.Data.Repositorys.TeacherRepository[0]
      λ°μ΄ν„° μ΅°ν(All)
[40m[32minfo[39m[22m[49m: MyApp.Data.Repositorys.TeacherRepository[0]
      λ°μ΄ν„° μ΅°ν(All)
[40m[32minfo[39m[22m[49m: MyApp.Data.Repositorys.TeacherRepository[0]
      λ°μ΄ν„° μ΅°ν(All)
[40m[32minfo[39m[22m[49m: MyApp.Data.Repositorys.TeacherRepository[0]
      λ°μ΄ν„° μ΅°ν(All)
[40m[32minfo[39m[22m[49m: MyApp.Data.Repositorys.TeacherRepository[0]
      λ°μ΄ν„° μ΅°ν(All)
[40m[32minfo[39m[22m[49m: MyApp.Controllers.DotNetNoteController[0]
      κ²μ‹ν λ¦¬μ¤νΈ νμ΄μ§€ λ΅λ”©
[40m[32minfo[39m[22m[49m: MyApp.Data.Repositorys.DotNetNote.NoteRepository[0]
      μ „μ²΄ κ²μ‹κΈ€ μ΅°ν
[40m[32minfo[39m[22m[49m: MyApp.Data.Repositorys.DotNetNote.NoteRepository[0]
      λ…ΈνΈ λ°μ΄ν„° μ΅°ν
[40m[32minfo[39m[22m[49m: MyApp.Controllers.DotNetNoteController[0]
      κ²μ‹ν λ¦¬μ¤νΈ νμ΄μ§€ λ΅λ”©
[40m[32minfo[39m[22m[49m: MyApp.Data.Repositorys.DotNetNote.NoteRepository[0]
      μ „μ²΄ κ²μ‹κΈ€ μ΅°ν
[40m[32minfo[39m[22m[49m: MyApp.Data.Repositorys.DotNetNote.NoteRepository[0]
      λ…ΈνΈ λ°μ΄ν„° μ΅°ν
[40m[32minfo[39m[22m[49m: MyApp.Controllers.DotNetNoteController[0]
      κ²μ‹ν λ¦¬μ¤νΈ νμ΄μ§€ λ΅λ”©
[40m[32minfo[39m[22m[49m: MyApp.Data.Repositorys.DotNetNote.NoteRepository[0]
      μ „μ²΄ κ²μ‹κΈ€ μ΅°ν
[40m[32minfo[39m[22m[49m: MyApp.Data.Repositorys.DotNetNote.NoteRepository[0]
      λ…ΈνΈ λ°μ΄ν„° μ΅°ν
[40m[32minfo[39m[22m[49m: MyApp.Data.Repositorys.Login.UserRepository[0]
      μ μ € ν™•μΈ
[40m[32minfo[39m[22m[49m: MyApp.Data.Repositorys.Login.UserRepository[0]
      μ μ € ν™•μΈ
[40m[32minfo[39m[22m[49m: MyApp.Data.Repositorys.TeacherRepository[0]
      λ°μ΄ν„° μ΅°ν(All)
[40m[32minfo[39m[22m[49m: MyApp.Controllers.DotNetNoteController[0]
      κ²μ‹ν λ¦¬μ¤νΈ νμ΄μ§€ λ΅λ”©
[40m[32minfo[39m[22m[49m: MyApp.Data.Repositorys.DotNetNote.NoteRepository[0]
      μ „μ²΄ κ²μ‹κΈ€ μ΅°ν
[40m[32minfo[39m[22m[49m: MyApp.Data.Repositorys.DotNetNote.NoteRepository[0]
      λ…ΈνΈ λ°μ΄ν„° μ΅°ν
[40m[32minfo[39m[22m[49m: MyApp.Data.Repositorys.TeacherRepository[0]
      λ°μ΄ν„° μ΅°ν(All)
[40m[32minfo[39m[22m[49m: MyApp.Data.Repositorys.Login.UserRepository[0]
      μ μ € ν™•μΈ
[40m[32minfo[39m[22m[49m: MyApp.Data.Repositorys.TeacherRepository[0]
      λ°μ΄ν„° μ΅°ν(All)
[40m[32minfo[39m[22m[49m: MyApp.Controllers.DotNetNoteController[0]
      κ²μ‹ν λ¦¬μ¤νΈ νμ΄μ§€ λ΅λ”©
[40m[32minfo[39m[22m[49m: MyApp.Data.Repositorys.DotNetNote.NoteRepository[0]
      μ „μ²΄ κ²μ‹κΈ€ μ΅°ν
[40m[32minfo[39m[22m[49m: MyApp.Data.Repositorys.DotNetNote.NoteRepository[0]
      λ…ΈνΈ λ°μ΄ν„° μ΅°ν
[40m[32minfo[39m[22m[49m: MyApp.Data.Repositorys.DotNetNote.NoteRepository[0]
      λ…ΈνΈ μ‘μ„±
[40m[32minfo[39m[22m[49m: MyApp.Controllers.DotNetNoteController[0]
      κ²μ‹ν λ¦¬μ¤νΈ νμ΄μ§€ λ΅λ”©
[40m[32minfo[39m[22m[49m: MyApp.Data.Repositorys.DotNetNote.NoteRepository[0]
      μ „μ²΄ κ²μ‹κΈ€ μ΅°ν
[40m[32minfo[39m[22m[49m: MyApp.Data.Repositorys.DotNetNote.NoteRepository[0]
      λ…ΈνΈ λ°μ΄ν„° μ΅°ν
[40m[32minfo[39m[22m[49m: MyApp.Controllers.DotNetNoteController[0]
      κ²μ‹ν λ¦¬μ¤νΈ νμ΄μ§€ λ΅λ”©
[40m[32minfo[39m[22m[49m: MyApp.Data.Repositorys.DotNetNote.NoteRepository[0]
      μ „μ²΄ κ²μ‹κΈ€ μ΅°ν
[40m[32minfo[39m[22m[49m: MyApp.Data.Repositorys.DotNetNote.NoteRepository[0]
      λ…ΈνΈ λ°μ΄ν„° μ΅°ν
[40m[32minfo[39m[22m[49m: MyApp.Controllers.DotNetNoteController[0]
      κ²μ‹ν λ¦¬μ¤νΈ νμ΄μ§€ λ΅λ”©
[40m[32minfo[39m[22m[49m: MyApp.Data.Repositorys.DotNetNote.NoteRepository[0]
      μ „μ²΄ κ²μ‹κΈ€ μ΅°ν
[40m[32minfo[39m[22m[49m: MyApp.Data.Repositorys.DotNetNote.NoteRepository[0]
      λ…ΈνΈ λ°μ΄ν„° μ΅°ν
[40m[32minfo[39m[22m[49m: MyApp.Controllers.DotNetNoteController[0]
      κ²μ‹ν λ¦¬μ¤νΈ νμ΄μ§€ λ΅λ”©
[40m[32minfo[39m[22m[49m: MyApp.Data.Repositorys.DotNetNote.NoteRepository[0]
      μ „μ²΄ κ²μ‹κΈ€ μ΅°ν
[40m[32minfo[39m[22m[49m: MyApp.Data.Repositorys.DotNetNote.NoteRepository[0]
      λ…ΈνΈ λ°μ΄ν„° μ΅°ν
[40m[32minfo[39m[22m[49m: MyApp.Controllers.DotNetNoteController[0]
      κ²μ‹ν λ¦¬μ¤νΈ νμ΄μ§€ λ΅λ”©
[40m[32minfo[39m[22m[49m: MyApp.Data.Repositorys.DotNetNote.NoteRepository[0]
      μ „μ²΄ κ²μ‹κΈ€ μ΅°ν
[40m[32minfo[39m[22m[49m: MyApp.Data.Repositorys.DotNetNote.NoteRepository[0]
      λ…ΈνΈ λ°μ΄ν„° μ΅°ν
[40m[32minfo[39m[22m[49m: MyApp.Controllers.DotNetNoteController[0]
      κ²μ‹ν λ¦¬μ¤νΈ νμ΄μ§€ λ΅λ”©
[40m[32minfo[39m[22m[49m: MyApp.Data.Repositorys.DotNetNote.NoteRepository[0]
      μ „μ²΄ κ²μ‹κΈ€ μ΅°ν
[40m[32minfo[39m[22m[49m: MyApp.Data.Repositorys.DotNetNote.NoteRepository[0]
      λ…ΈνΈ λ°μ΄ν„° μ΅°ν
[40m[32minfo[39m[22m[49m: MyApp.Controllers.DotNetNoteController[0]
      κ²μ‹ν λ¦¬μ¤νΈ νμ΄μ§€ λ΅λ”©
[40m[32minfo[39m[22m[49m: MyApp.Data.Repositorys.DotNetNote.NoteRepository[0]
      μ „μ²΄ κ²μ‹κΈ€ μ΅°ν
[40m[32minfo[39m[22m[49m: MyApp.Data.Repositorys.DotNetNote.NoteRepository[0]
      λ…ΈνΈ λ°μ΄ν„° μ΅°ν
[40m[32minfo[39m[22m[49m: MyApp.Controllers.DotNetNoteController[0]
      κ²μ‹ν λ¦¬μ¤νΈ νμ΄μ§€ λ΅λ”©
[40m[32minfo[39m[22m[49m: MyApp.Data.Repositorys.DotNetNote.NoteRepository[0]
      μ „μ²΄ κ²μ‹κΈ€ μ΅°ν
[40m[32minfo[39m[22m[49m: MyApp.Data.Repositorys.DotNetNote.NoteRepository[0]
      λ…ΈνΈ λ°μ΄ν„° μ΅°ν
[40m[32minfo[39m[22m[49m: MyApp.Controllers.DotNetNoteController[0]
      κ²μ‹ν λ¦¬μ¤νΈ νμ΄μ§€ λ΅λ”©
[40m[32minfo[39m[22m[49m: MyApp.Data.Repositorys.DotNetNote.NoteRepository[0]
      μ „μ²΄ κ²μ‹κΈ€ μ΅°ν
[40m[32minfo[39m[22m[49m: MyApp.Data.Repositorys.DotNetNote.NoteRepository[0]
      λ…ΈνΈ λ°μ΄ν„° μ΅°ν
[40m[32minfo[39m[22m[49m: MyApp.Data.Repositorys.TeacherRepository[0]
      λ°μ΄ν„° μ΅°ν(All)
[40m[32minfo[39m[22m[49m: MyApp.Data.Repositorys.TeacherRepository[0]
      λ°μ΄ν„° μ΅°ν(All)
[40m[32minfo[39m[22m[49m: MyApp.Data.Repositorys.TeacherRepository[0]
      λ°μ΄ν„° μ΅°ν(All)
[40m[32minfo[39m[22m[49m: MyApp.Data.Repositorys.TeacherRepository[0]
      λ°μ΄ν„° μ΅°ν(All)
[40m[32minfo[39m[22m[49m: MyApp.Data.Repositorys.TeacherRepository[0]
      λ°μ΄ν„° μ΅°ν(All)
[40m[32minfo[39m[22m[49m: MyApp.Data.Repositorys.TeacherRepository[0]
      λ°μ΄ν„° μ΅°ν(All)
[40m[32minfo[39m[22m[49m: MyApp.Data.Repositorys.TeacherRepository[0]
      λ°μ΄ν„° μ΅°ν(All)
[40m[32minfo[39m[22m[49m: MyApp.Data.Repositorys.TeacherRepository[0]
      λ°μ΄ν„° μ΅°ν(All)
[40m[32minfo[39m[22m[49m: MyApp.Data.Repositorys.TeacherRepository[0]
      λ°μ΄ν„° μ΅°ν(All)
[40m[32minfo[39m[22m[49m: MyApp.Data.Repositorys.TeacherRepository[0]
      λ°μ΄ν„° μ΅°ν(All)
[40m[32minfo[39m[22m[49m: MyApp.Data.Repositorys.TeacherRepository[0]
      λ°μ΄ν„° μ΅°ν(All)
[40m[32minfo[39m[22m[49m: MyApp.Data.Repositorys.TeacherRepository[0]
      λ°μ΄ν„° μ΅°ν(All)
[40m[32minfo[39m[22m[49m: MyApp.Data.Repositorys.TeacherRepository[0]
      λ°μ΄ν„° μ΅°ν(All)
[40m[32minfo[39m[22m[49m: MyApp.Data.Repositorys.TeacherRepository[0]
      λ°μ΄ν„° μ΅°ν(All)
[40m[32minfo[39m[22m[49m: MyApp.Data.Repositorys.TeacherRepository[0]
      λ°μ΄ν„° μ΅°ν(All)
[40m[32minfo[39m[22m[49m: MyApp.Data.Repositorys.TeacherRepository[0]
      λ°μ΄ν„° μ΅°ν(All)
[40m[32minfo[39m[22m[49m: MyApp.Data.Repositorys.TeacherRepository[0]
      λ°μ΄ν„° μ΅°ν(All)
[40m[32minfo[39m[22m[49m: MyApp.Data.Repositorys.TeacherRepository[0]
      λ°μ΄ν„° μ΅°ν(All)
